  Application2D.cpp
E:\School Stuffs\SecondYear\School-Coding-Projects\NonUnity\Physics For Games\Project2D\PhysicsScene.h(70,22): warning C4267: 'return': conversion from 'size_t' to 'int', possible loss of data
E:\School Stuffs\SecondYear\School-Coding-Projects\NonUnity\Physics For Games\Project2D\Application2D.cpp(88,36): warning C4244: '=': conversion from 'int' to 'float', possible loss of data
E:\School Stuffs\SecondYear\School-Coding-Projects\NonUnity\Physics For Games\Project2D\Application2D.cpp(89,36): warning C4244: '=': conversion from 'int' to 'float', possible loss of data
E:\School Stuffs\SecondYear\School-Coding-Projects\NonUnity\Physics For Games\Project2D\Application2D.cpp(145,49): warning C4305: 'argument': truncation from 'double' to 'float'
E:\School Stuffs\SecondYear\School-Coding-Projects\NonUnity\Physics For Games\Project2D\Application2D.cpp(146,52): warning C4305: 'argument': truncation from 'double' to 'float'
E:\School Stuffs\SecondYear\School-Coding-Projects\NonUnity\Physics For Games\Project2D\Application2D.cpp(147,58): warning C4305: 'argument': truncation from 'double' to 'float'
  main.cpp
E:\School Stuffs\SecondYear\School-Coding-Projects\NonUnity\Physics For Games\Project2D\PhysicsScene.h(70,22): warning C4267: 'return': conversion from 'size_t' to 'int', possible loss of data
  PhysicsObject.cpp
  PhysicsScene.cpp
E:\School Stuffs\SecondYear\School-Coding-Projects\NonUnity\Physics For Games\Project2D\PhysicsScene.h(70,22): warning C4267: 'return': conversion from 'size_t' to 'int', possible loss of data
E:\School Stuffs\SecondYear\School-Coding-Projects\NonUnity\Physics For Games\Project2D\PhysicsScene.cpp(37,2): warning C4834: discarding return value of function with 'nodiscard' attribute
E:\School Stuffs\SecondYear\School-Coding-Projects\NonUnity\Physics For Games\Project2D\PhysicsScene.cpp(89,34): warning C4267: 'initializing': conversion from 'size_t' to 'int', possible loss of data
  Plane.cpp
  Rigidbody.cpp
  Sphere.cpp
  Generating Code...
  bootstrap.lib(Application.obj) : MSIL .netmodule or module compiled with /GL found; restarting link with /LTCG; add /LTCG to the link command line to improve linker performance
LINK : warning LNK4075: ignoring '/INCREMENTAL' due to '/LTCG' specification
bootstrap.lib(Application.obj) : error LNK2038: mismatch detected for '_ITERATOR_DEBUG_LEVEL': value '0' doesn't match value '2' in Application2D.obj
bootstrap.lib(Application.obj) : error LNK2038: mismatch detected for 'RuntimeLibrary': value 'MD_DynamicRelease' doesn't match value 'MDd_DynamicDebug' in Application2D.obj
bootstrap.lib(Renderer2D.obj) : error LNK2038: mismatch detected for '_ITERATOR_DEBUG_LEVEL': value '0' doesn't match value '2' in Application2D.obj
bootstrap.lib(Renderer2D.obj) : error LNK2038: mismatch detected for 'RuntimeLibrary': value 'MD_DynamicRelease' doesn't match value 'MDd_DynamicDebug' in Application2D.obj
bootstrap.lib(Gizmos.obj) : error LNK2038: mismatch detected for '_ITERATOR_DEBUG_LEVEL': value '0' doesn't match value '2' in Application2D.obj
bootstrap.lib(Gizmos.obj) : error LNK2038: mismatch detected for 'RuntimeLibrary': value 'MD_DynamicRelease' doesn't match value 'MDd_DynamicDebug' in Application2D.obj
bootstrap.lib(Input.obj) : error LNK2038: mismatch detected for '_ITERATOR_DEBUG_LEVEL': value '0' doesn't match value '2' in Application2D.obj
bootstrap.lib(Input.obj) : error LNK2038: mismatch detected for 'RuntimeLibrary': value 'MD_DynamicRelease' doesn't match value 'MDd_DynamicDebug' in Application2D.obj
bootstrap.lib(imgui_glfw3.obj) : error LNK2038: mismatch detected for '_ITERATOR_DEBUG_LEVEL': value '0' doesn't match value '2' in Application2D.obj
bootstrap.lib(imgui_glfw3.obj) : error LNK2038: mismatch detected for 'RuntimeLibrary': value 'MD_DynamicRelease' doesn't match value 'MDd_DynamicDebug' in Application2D.obj
bootstrap.lib(Texture.obj) : error LNK2038: mismatch detected for '_ITERATOR_DEBUG_LEVEL': value '0' doesn't match value '2' in Application2D.obj
bootstrap.lib(Texture.obj) : error LNK2038: mismatch detected for 'RuntimeLibrary': value 'MD_DynamicRelease' doesn't match value 'MDd_DynamicDebug' in Application2D.obj
LINK : warning LNK4098: defaultlib 'MSVCRT' conflicts with use of other libs; use /NODEFAULTLIB:library
E:\School Stuffs\SecondYear\School-Coding-Projects\NonUnity\Physics For Games\temp\PhysicsApp\x64\Debug\PhysicsApp.exe : fatal error LNK1319: 12 mismatches detected
