  Application2D.cpp
E:\School Stuffs\SecondYear\School-Coding-Projects\NonUnity\Physics For Games\Project2D\PhysicsScene.h(70,22): warning C4267: 'return': conversion from 'size_t' to 'int', possible loss of data
E:\School Stuffs\SecondYear\School-Coding-Projects\NonUnity\Physics For Games\Project2D\Application2D.cpp(88,36): warning C4244: '=': conversion from 'int' to 'float', possible loss of data
E:\School Stuffs\SecondYear\School-Coding-Projects\NonUnity\Physics For Games\Project2D\Application2D.cpp(89,36): warning C4244: '=': conversion from 'int' to 'float', possible loss of data
E:\School Stuffs\SecondYear\School-Coding-Projects\NonUnity\Physics For Games\Project2D\Application2D.cpp(145,49): warning C4305: 'argument': truncation from 'double' to 'float'
E:\School Stuffs\SecondYear\School-Coding-Projects\NonUnity\Physics For Games\Project2D\Application2D.cpp(146,52): warning C4305: 'argument': truncation from 'double' to 'float'
E:\School Stuffs\SecondYear\School-Coding-Projects\NonUnity\Physics For Games\Project2D\Application2D.cpp(147,58): warning C4305: 'argument': truncation from 'double' to 'float'
  main.cpp
E:\School Stuffs\SecondYear\School-Coding-Projects\NonUnity\Physics For Games\Project2D\PhysicsScene.h(70,22): warning C4267: 'return': conversion from 'size_t' to 'int', possible loss of data
  PhysicsObject.cpp
  PhysicsScene.cpp
E:\School Stuffs\SecondYear\School-Coding-Projects\NonUnity\Physics For Games\Project2D\PhysicsScene.h(70,22): warning C4267: 'return': conversion from 'size_t' to 'int', possible loss of data
E:\School Stuffs\SecondYear\School-Coding-Projects\NonUnity\Physics For Games\Project2D\PhysicsScene.cpp(37,2): warning C4834: discarding return value of function with 'nodiscard' attribute
E:\School Stuffs\SecondYear\School-Coding-Projects\NonUnity\Physics For Games\Project2D\PhysicsScene.cpp(89,34): warning C4267: 'initializing': conversion from 'size_t' to 'int', possible loss of data
  Plane.cpp
  Rigidbody.cpp
  Sphere.cpp
  Generating code
  Previous IPDB not found, fall back to full compilation.
  All 1420 functions were compiled because no usable IPDB/IOBJ from previous compilation was found.
  Finished generating code
bootstrap.lib(Gizmos.obj) : warning LNK4099: PDB 'Bootstrap.pdb' was not found with 'bootstrap.lib(Gizmos.obj)' or at 'E:\School Stuffs\SecondYear\School-Coding-Projects\NonUnity\Physics For Games\temp\PhysicsApp\x64\Release\Bootstrap.pdb'; linking object as if no debug info
bootstrap.lib(Font.obj) : warning LNK4099: PDB 'Bootstrap.pdb' was not found with 'bootstrap.lib(Font.obj)' or at 'E:\School Stuffs\SecondYear\School-Coding-Projects\NonUnity\Physics For Games\temp\PhysicsApp\x64\Release\Bootstrap.pdb'; linking object as if no debug info
bootstrap.lib(Input.obj) : warning LNK4099: PDB 'Bootstrap.pdb' was not found with 'bootstrap.lib(Input.obj)' or at 'E:\School Stuffs\SecondYear\School-Coding-Projects\NonUnity\Physics For Games\temp\PhysicsApp\x64\Release\Bootstrap.pdb'; linking object as if no debug info
bootstrap.lib(Application.obj) : warning LNK4099: PDB 'Bootstrap.pdb' was not found with 'bootstrap.lib(Application.obj)' or at 'E:\School Stuffs\SecondYear\School-Coding-Projects\NonUnity\Physics For Games\temp\PhysicsApp\x64\Release\Bootstrap.pdb'; linking object as if no debug info
bootstrap.lib(Renderer2D.obj) : warning LNK4099: PDB 'Bootstrap.pdb' was not found with 'bootstrap.lib(Renderer2D.obj)' or at 'E:\School Stuffs\SecondYear\School-Coding-Projects\NonUnity\Physics For Games\temp\PhysicsApp\x64\Release\Bootstrap.pdb'; linking object as if no debug info
bootstrap.lib(imgui.obj) : warning LNK4099: PDB 'Bootstrap.pdb' was not found with 'bootstrap.lib(imgui.obj)' or at 'E:\School Stuffs\SecondYear\School-Coding-Projects\NonUnity\Physics For Games\temp\PhysicsApp\x64\Release\Bootstrap.pdb'; linking object as if no debug info
bootstrap.lib(gl_core_4_4.obj) : warning LNK4099: PDB 'Bootstrap.pdb' was not found with 'bootstrap.lib(gl_core_4_4.obj)' or at 'E:\School Stuffs\SecondYear\School-Coding-Projects\NonUnity\Physics For Games\temp\PhysicsApp\x64\Release\Bootstrap.pdb'; linking object as if no debug info
bootstrap.lib(imgui_glfw3.obj) : warning LNK4099: PDB 'Bootstrap.pdb' was not found with 'bootstrap.lib(imgui_glfw3.obj)' or at 'E:\School Stuffs\SecondYear\School-Coding-Projects\NonUnity\Physics For Games\temp\PhysicsApp\x64\Release\Bootstrap.pdb'; linking object as if no debug info
bootstrap.lib(Texture.obj) : warning LNK4099: PDB 'Bootstrap.pdb' was not found with 'bootstrap.lib(Texture.obj)' or at 'E:\School Stuffs\SecondYear\School-Coding-Projects\NonUnity\Physics For Games\temp\PhysicsApp\x64\Release\Bootstrap.pdb'; linking object as if no debug info
bootstrap.lib(imgui_draw.obj) : warning LNK4099: PDB 'Bootstrap.pdb' was not found with 'bootstrap.lib(imgui_draw.obj)' or at 'E:\School Stuffs\SecondYear\School-Coding-Projects\NonUnity\Physics For Games\temp\PhysicsApp\x64\Release\Bootstrap.pdb'; linking object as if no debug info
  Project2D.vcxproj -> E:\School Stuffs\SecondYear\School-Coding-Projects\NonUnity\Physics For Games\temp\PhysicsApp\x64\Release\PhysicsApp.exe
